\BOOKMARK [1][]{section.2}{Introduction}{}% 1
\BOOKMARK [1][]{section.4}{Related Work}{}% 2
\BOOKMARK [2][]{subsection.5}{PROACT}{section.4}% 3
\BOOKMARK [2][]{subsection.6}{Health Care Visualizations}{section.4}% 4
\BOOKMARK [1][]{section.7}{Implementation}{}% 5
\BOOKMARK [2][]{subsection.8}{Additional or Alternative Treatments}{section.7}% 6
\BOOKMARK [2][]{subsection.9}{Side Effects}{section.7}% 7
\BOOKMARK [3][-]{subsubsection.10}{Surgery}{subsection.9}% 8
\BOOKMARK [3][-]{subsubsection.11}{Hormonal Therapy}{subsection.9}% 9
\BOOKMARK [3][-]{subsubsection.12}{Radiation Therapy}{subsection.9}% 10
\BOOKMARK [3][-]{subsubsection.13}{Common Side Effects}{subsection.9}% 11
\BOOKMARK [2][]{subsection.16}{Maintaining Utility}{section.7}% 12
\BOOKMARK [3][-]{subsubsection.17}{Tool Tips}{subsection.16}% 13
\BOOKMARK [3][-]{subsubsection.18}{Narrative Structure}{subsection.16}% 14
\BOOKMARK [3][-]{subsubsection.19}{Minimization of Presented Data}{subsection.16}% 15
\BOOKMARK [1][]{section.20}{Results}{}% 16
\BOOKMARK [1][]{section.21}{Future Work}{}% 17
\BOOKMARK [2][]{subsection.22}{Data Collection}{section.21}% 18
\BOOKMARK [2][]{subsection.23}{PROACT Additions}{section.21}% 19
\BOOKMARK [2][]{subsection.24}{Visual Appeal}{section.21}% 20
